[INFO] Scanning for projects...
[INFO] 
[INFO] ----------------------< edu.cit.paires:cleanride >----------------------
[INFO] Building cleanride 0.0.1-SNAPSHOT
[INFO]   from pom.xml
[INFO] --------------------------------[ jar ]---------------------------------
[INFO] 
[INFO] >>> spring-boot:3.5.11:run (default-cli) > test-compile @ cleanride >>>
[INFO] 
[INFO] --- resources:3.3.1:resources (default-resources) @ cleanride ---
[INFO] Copying 1 resource from src/main/resources to target/classes
[INFO] Copying 0 resource from src/main/resources to target/classes
[INFO] 
[INFO] --- compiler:3.14.1:compile (default-compile) @ cleanride ---
[INFO] Nothing to compile - all classes are up to date.
[INFO] 
[INFO] --- resources:3.3.1:testResources (default-testResources) @ cleanride ---
[INFO] skip non existing resourceDirectory /Users/alexa/Desktop/CR/IT342-Paires-CleanRide/cleanride/src/test/resources
[INFO] 
[INFO] --- compiler:3.14.1:testCompile (default-testCompile) @ cleanride ---
[INFO] Nothing to compile - all classes are up to date.
[INFO] 
[INFO] <<< spring-boot:3.5.11:run (default-cli) < test-compile @ cleanride <<<
[INFO] 
[INFO] 
[INFO] --- spring-boot:3.5.11:run (default-cli) @ cleanride ---
[INFO] Attaching agents: []

  .   ____          _            __ _ _
 /\\ / ___'_ __ _ _(_)_ __  __ _ \ \ \ \
( ( )\___ | '_ | '_| | '_ \/ _` | \ \ \ \
 \\/  ___)| |_)| | | | | || (_| |  ) ) ) )
  '  |____| .__|_| |_|_| |_\__, | / / / /
 =========|_|==============|___/=/_/_/_/

 :: Spring Boot ::               (v3.5.11)

2026-03-19T14:03:40.938+08:00  INFO 31709 --- [           main] e.c.p.cleanride.CleanrideApplication     : Starting CleanrideApplication using Java 23.0.1 with PID 31709 (/Users/alexa/Desktop/CR/IT342-Paires-CleanRide/cleanride/target/classes started by alexa in /Users/alexa/Desktop/CR/IT342-Paires-CleanRide/cleanride)
2026-03-19T14:03:40.940+08:00  INFO 31709 --- [           main] e.c.p.cleanride.CleanrideApplication     : No active profile set, falling back to 1 default profile: "default"
2026-03-19T14:03:41.461+08:00  INFO 31709 --- [           main] .s.d.r.c.RepositoryConfigurationDelegate : Bootstrapping Spring Data JPA repositories in DEFAULT mode.
2026-03-19T14:03:41.502+08:00  INFO 31709 --- [           main] .s.d.r.c.RepositoryConfigurationDelegate : Finished Spring Data repository scanning in 34 ms. Found 2 JPA repository interfaces.
2026-03-19T14:03:41.926+08:00  INFO 31709 --- [           main] o.s.b.w.embedded.tomcat.TomcatWebServer  : Tomcat initialized with port 8081 (http)
2026-03-19T14:03:41.937+08:00  INFO 31709 --- [           main] o.apache.catalina.core.StandardService   : Starting service [Tomcat]
2026-03-19T14:03:41.937+08:00  INFO 31709 --- [           main] o.apache.catalina.core.StandardEngine    : Starting Servlet engine: [Apache Tomcat/10.1.52]
2026-03-19T14:03:41.971+08:00  INFO 31709 --- [           main] o.a.c.c.C.[Tomcat].[localhost].[/]       : Initializing Spring embedded WebApplicationContext
2026-03-19T14:03:41.972+08:00  INFO 31709 --- [           main] w.s.c.ServletWebServerApplicationContext : Root WebApplicationContext: initialization completed in 980 ms
2026-03-19T14:03:42.089+08:00  INFO 31709 --- [           main] o.hibernate.jpa.internal.util.LogHelper  : HHH000204: Processing PersistenceUnitInfo [name: default]
2026-03-19T14:03:42.121+08:00  INFO 31709 --- [           main] org.hibernate.Version                    : HHH000412: Hibernate ORM core version 6.6.42.Final
2026-03-19T14:03:42.141+08:00  INFO 31709 --- [           main] o.h.c.internal.RegionFactoryInitiator    : HHH000026: Second-level cache disabled
2026-03-19T14:03:42.343+08:00  INFO 31709 --- [           main] o.s.o.j.p.SpringPersistenceUnitInfo      : No LoadTimeWeaver setup: ignoring JPA class transformer
2026-03-19T14:03:42.366+08:00  INFO 31709 --- [           main] com.zaxxer.hikari.HikariDataSource       : HikariPool-1 - Starting...
2026-03-19T14:03:43.586+08:00  INFO 31709 --- [           main] com.zaxxer.hikari.pool.HikariPool        : HikariPool-1 - Added connection org.postgresql.jdbc.PgConnection@8af1c49
2026-03-19T14:03:43.588+08:00  INFO 31709 --- [           main] com.zaxxer.hikari.HikariDataSource       : HikariPool-1 - Start completed.
2026-03-19T14:03:43.739+08:00  WARN 31709 --- [           main] org.hibernate.orm.deprecation            : HHH90000025: PostgreSQLDialect does not need to be specified explicitly using 'hibernate.dialect' (remove the property setting and it will be selected by default)
2026-03-19T14:03:43.994+08:00  INFO 31709 --- [           main] org.hibernate.orm.connections.pooling    : HHH10001005: Database info:
	Database JDBC URL [Connecting through datasource 'HikariDataSource (HikariPool-1)']
	Database driver: undefined/unknown
	Database version: 17.6
	Autocommit mode: undefined/unknown
	Isolation level: undefined/unknown
	Minimum pool size: undefined/unknown
	Maximum pool size: undefined/unknown
2026-03-19T14:03:44.723+08:00  INFO 31709 --- [           main] o.h.e.t.j.p.i.JtaPlatformInitiator       : HHH000489: No JTA platform available (set 'hibernate.transaction.jta.platform' to enable JTA platform integration)
2026-03-19T14:03:45.662+08:00  INFO 31709 --- [           main] j.LocalContainerEntityManagerFactoryBean : Initialized JPA EntityManagerFactory for persistence unit 'default'
2026-03-19T14:03:46.004+08:00  WARN 31709 --- [           main] JpaBaseConfiguration$JpaWebConfiguration : spring.jpa.open-in-view is enabled by default. Therefore, database queries may be performed during view rendering. Explicitly configure spring.jpa.open-in-view to disable this warning
2026-03-19T14:03:46.033+08:00 TRACE 31709 --- [           main] eGlobalAuthenticationAutowiredConfigurer : Eagerly initializing {org.springframework.boot.autoconfigure.security.servlet.SpringBootWebSecurityConfiguration$WebSecurityEnablerConfiguration=org.springframework.boot.autoconfigure.security.servlet.SpringBootWebSecurityConfiguration$WebSecurityEnablerConfiguration@7827cdfc}
2026-03-19T14:03:46.037+08:00  WARN 31709 --- [           main] .s.s.UserDetailsServiceAutoConfiguration : 

Using generated security password: df9ca2ec-689d-41bb-8a52-4e22ca5ecbae

This generated password is for development use only. Your security configuration must be updated before running your application in production.

2026-03-19T14:03:46.043+08:00  INFO 31709 --- [           main] r$InitializeUserDetailsManagerConfigurer : Global AuthenticationManager configured with UserDetailsService bean with name inMemoryUserDetailsManager
2026-03-19T14:03:46.232+08:00 DEBUG 31709 --- [           main] o.s.s.web.DefaultSecurityFilterChain     : Will secure any request with filters: DisableEncodeUrlFilter, WebAsyncManagerIntegrationFilter, SecurityContextHolderFilter, HeaderWriterFilter, CorsFilter, LogoutFilter, RequestCacheAwareFilter, SecurityContextHolderAwareRequestFilter, AnonymousAuthenticationFilter, ExceptionTranslationFilter, AuthorizationFilter
2026-03-19T14:03:46.397+08:00  INFO 31709 --- [           main] o.s.b.w.embedded.tomcat.TomcatWebServer  : Tomcat started on port 8081 (http) with context path '/'
2026-03-19T14:03:46.403+08:00  INFO 31709 --- [           main] e.c.p.cleanride.CleanrideApplication     : Started CleanrideApplication in 5.799 seconds (process running for 6.068)
2026-03-19T14:03:58.840+08:00  INFO 31709 --- [nio-8081-exec-1] o.a.c.c.C.[Tomcat].[localhost].[/]       : Initializing Spring DispatcherServlet 'dispatcherServlet'
2026-03-19T14:03:58.840+08:00  INFO 31709 --- [nio-8081-exec-1] o.s.web.servlet.DispatcherServlet        : Initializing Servlet 'dispatcherServlet'
2026-03-19T14:03:58.841+08:00  INFO 31709 --- [nio-8081-exec-1] o.s.web.servlet.DispatcherServlet        : Completed initialization in 1 ms
2026-03-19T14:03:58.899+08:00 TRACE 31709 --- [nio-8081-exec-1] o.s.security.web.FilterChainProxy        : Trying to match request against DefaultSecurityFilterChain defined as 'filterChain' in [class path resource [edu/cit/paires/cleanride/config/SecurityConfig.class]] matching [any request] and having filters [DisableEncodeUrl, WebAsyncManagerIntegration, SecurityContextHolder, HeaderWriter, Cors, Logout, RequestCacheAware, SecurityContextHolderAwareRequest, AnonymousAuthentication, ExceptionTranslation, Authorization] (1/1)
2026-03-19T14:03:58.900+08:00 DEBUG 31709 --- [nio-8081-exec-1] o.s.security.web.FilterChainProxy        : Securing GET /api/v1/bookings/user/1
2026-03-19T14:03:58.901+08:00 TRACE 31709 --- [nio-8081-exec-1] o.s.security.web.FilterChainProxy        : Invoking DisableEncodeUrlFilter (1/11)
2026-03-19T14:03:58.901+08:00 TRACE 31709 --- [nio-8081-exec-1] o.s.security.web.FilterChainProxy        : Invoking WebAsyncManagerIntegrationFilter (2/11)
2026-03-19T14:03:58.903+08:00 TRACE 31709 --- [nio-8081-exec-1] o.s.security.web.FilterChainProxy        : Invoking SecurityContextHolderFilter (3/11)
2026-03-19T14:03:58.904+08:00 TRACE 31709 --- [nio-8081-exec-1] o.s.security.web.FilterChainProxy        : Invoking HeaderWriterFilter (4/11)
2026-03-19T14:03:58.906+08:00 TRACE 31709 --- [nio-8081-exec-1] o.s.security.web.FilterChainProxy        : Invoking CorsFilter (5/11)
2026-03-19T14:03:58.906+08:00 TRACE 31709 --- [nio-8081-exec-1] o.s.security.web.FilterChainProxy        : Invoking LogoutFilter (6/11)
2026-03-19T14:03:58.907+08:00 TRACE 31709 --- [nio-8081-exec-1] o.s.s.w.a.logout.LogoutFilter            : Did not match request to Or [Ant [pattern='/logout', GET], Ant [pattern='/logout', POST], Ant [pattern='/logout', PUT], Ant [pattern='/logout', DELETE]]
2026-03-19T14:03:58.907+08:00 TRACE 31709 --- [nio-8081-exec-1] o.s.security.web.FilterChainProxy        : Invoking RequestCacheAwareFilter (7/11)
2026-03-19T14:03:58.907+08:00 TRACE 31709 --- [nio-8081-exec-1] o.s.s.w.s.HttpSessionRequestCache        : matchingRequestParameterName is required for getMatchingRequest to lookup a value, but not provided
2026-03-19T14:03:58.907+08:00 TRACE 31709 --- [nio-8081-exec-1] o.s.security.web.FilterChainProxy        : Invoking SecurityContextHolderAwareRequestFilter (8/11)
2026-03-19T14:03:58.910+08:00 TRACE 31709 --- [nio-8081-exec-1] o.s.security.web.FilterChainProxy        : Invoking AnonymousAuthenticationFilter (9/11)
2026-03-19T14:03:58.911+08:00 TRACE 31709 --- [nio-8081-exec-1] o.s.security.web.FilterChainProxy        : Invoking ExceptionTranslationFilter (10/11)
2026-03-19T14:03:58.911+08:00 TRACE 31709 --- [nio-8081-exec-1] o.s.security.web.FilterChainProxy        : Invoking AuthorizationFilter (11/11)
2026-03-19T14:03:58.912+08:00 TRACE 31709 --- [nio-8081-exec-1] estMatcherDelegatingAuthorizationManager : Authorizing GET /api/v1/bookings/user/1
2026-03-19T14:03:58.915+08:00 TRACE 31709 --- [nio-8081-exec-1] estMatcherDelegatingAuthorizationManager : Checking authorization on GET /api/v1/bookings/user/1 using org.springframework.security.authorization.SingleResultAuthorizationManager@6ec09dc6
2026-03-19T14:03:58.916+08:00 DEBUG 31709 --- [nio-8081-exec-1] o.s.security.web.FilterChainProxy        : Secured GET /api/v1/bookings/user/1
2026-03-19T14:03:58.942+08:00 TRACE 31709 --- [nio-8081-exec-1] w.c.HttpSessionSecurityContextRepository : No HttpSession currently exists
2026-03-19T14:03:58.942+08:00 TRACE 31709 --- [nio-8081-exec-1] .s.s.w.c.SupplierDeferredSecurityContext : Created SecurityContextImpl [Null authentication]
2026-03-19T14:03:58.942+08:00 TRACE 31709 --- [nio-8081-exec-1] .s.s.w.c.SupplierDeferredSecurityContext : Created SecurityContextImpl [Null authentication]
2026-03-19T14:03:58.943+08:00 TRACE 31709 --- [nio-8081-exec-1] o.s.s.w.a.AnonymousAuthenticationFilter  : Set SecurityContextHolder to AnonymousAuthenticationToken [Principal=anonymousUser, Credentials=[PROTECTED], Authenticated=true, Details=WebAuthenticationDetails [RemoteIpAddress=127.0.0.1, SessionId=null], Granted Authorities=[ROLE_ANONYMOUS]]
2026-03-19T14:03:58.944+08:00 TRACE 31709 --- [nio-8081-exec-1] o.s.s.w.header.writers.HstsHeaderWriter  : Not injecting HSTS header since it did not match request to [Is Secure]
2026-03-19T14:03:58.944+08:00 ERROR 31709 --- [nio-8081-exec-1] o.a.c.c.C.[.[.[/].[dispatcherServlet]    : Servlet.service() for servlet [dispatcherServlet] in context with path [] threw exception [Request processing failed: java.lang.IllegalArgumentException: Name for argument of type [java.lang.Long] not specified, and parameter name information not available via reflection. Ensure that the compiler uses the '-parameters' flag.] with root cause

java.lang.IllegalArgumentException: Name for argument of type [java.lang.Long] not specified, and parameter name information not available via reflection. Ensure that the compiler uses the '-parameters' flag.
	at org.springframework.web.method.annotation.AbstractNamedValueMethodArgumentResolver.updateNamedValueInfo(AbstractNamedValueMethodArgumentResolver.java:186) ~[spring-web-6.2.16.jar:6.2.16]
	at org.springframework.web.method.annotation.AbstractNamedValueMethodArgumentResolver.getNamedValueInfo(AbstractNamedValueMethodArgumentResolver.java:161) ~[spring-web-6.2.16.jar:6.2.16]
	at org.springframework.web.method.annotation.AbstractNamedValueMethodArgumentResolver.resolveArgument(AbstractNamedValueMethodArgumentResolver.java:107) ~[spring-web-6.2.16.jar:6.2.16]
	at org.springframework.web.method.support.HandlerMethodArgumentResolverComposite.resolveArgument(HandlerMethodArgumentResolverComposite.java:122) ~[spring-web-6.2.16.jar:6.2.16]
	at org.springframework.web.method.support.InvocableHandlerMethod.getMethodArgumentValues(InvocableHandlerMethod.java:227) ~[spring-web-6.2.16.jar:6.2.16]
	at org.springframework.web.method.support.InvocableHandlerMethod.invokeForRequest(InvocableHandlerMethod.java:181) ~[spring-web-6.2.16.jar:6.2.16]
	at org.springframework.web.servlet.mvc.method.annotation.ServletInvocableHandlerMethod.invokeAndHandle(ServletInvocableHandlerMethod.java:118) ~[spring-webmvc-6.2.16.jar:6.2.16]
	at org.springframework.web.servlet.mvc.method.annotation.RequestMappingHandlerAdapter.invokeHandlerMethod(RequestMappingHandlerAdapter.java:991) ~[spring-webmvc-6.2.16.jar:6.2.16]
	at org.springframework.web.servlet.mvc.method.annotation.RequestMappingHandlerAdapter.handleInternal(RequestMappingHandlerAdapter.java:896) ~[spring-webmvc-6.2.16.jar:6.2.16]
	at org.springframework.web.servlet.mvc.method.AbstractHandlerMethodAdapter.handle(AbstractHandlerMethodAdapter.java:87) ~[spring-webmvc-6.2.16.jar:6.2.16]
	at org.springframework.web.servlet.DispatcherServlet.doDispatch(DispatcherServlet.java:1089) ~[spring-webmvc-6.2.16.jar:6.2.16]
	at org.springframework.web.servlet.DispatcherServlet.doService(DispatcherServlet.java:979) ~[spring-webmvc-6.2.16.jar:6.2.16]
	at org.springframework.web.servlet.FrameworkServlet.processRequest(FrameworkServlet.java:1014) ~[spring-webmvc-6.2.16.jar:6.2.16]
	at org.springframework.web.servlet.FrameworkServlet.doGet(FrameworkServlet.java:903) ~[spring-webmvc-6.2.16.jar:6.2.16]
	at jakarta.servlet.http.HttpServlet.service(HttpServlet.java:564) ~[tomcat-embed-core-10.1.52.jar:6.0]
	at org.springframework.web.servlet.FrameworkServlet.service(FrameworkServlet.java:885) ~[spring-webmvc-6.2.16.jar:6.2.16]
	at jakarta.servlet.http.HttpServlet.service(HttpServlet.java:658) ~[tomcat-embed-core-10.1.52.jar:6.0]
	at org.apache.catalina.core.ApplicationFilterChain.internalDoFilter(ApplicationFilterChain.java:193) ~[tomcat-embed-core-10.1.52.jar:10.1.52]
	at org.apache.catalina.core.ApplicationFilterChain.doFilter(ApplicationFilterChain.java:138) ~[tomcat-embed-core-10.1.52.jar:10.1.52]
	at org.apache.tomcat.websocket.server.WsFilter.doFilter(WsFilter.java:51) ~[tomcat-embed-websocket-10.1.52.jar:10.1.52]
	at org.apache.catalina.core.ApplicationFilterChain.internalDoFilter(ApplicationFilterChain.java:162) ~[tomcat-embed-core-10.1.52.jar:10.1.52]
	at org.apache.catalina.core.ApplicationFilterChain.doFilter(ApplicationFilterChain.java:138) ~[tomcat-embed-core-10.1.52.jar:10.1.52]
	at org.springframework.web.filter.CompositeFilter$VirtualFilterChain.doFilter(CompositeFilter.java:108) ~[spring-web-6.2.16.jar:6.2.16]
	at org.springframework.web.filter.CompositeFilter$VirtualFilterChain.doFilter(CompositeFilter.java:108) ~[spring-web-6.2.16.jar:6.2.16]
	at org.springframework.security.web.FilterChainProxy.lambda$doFilterInternal$3(FilterChainProxy.java:231) ~[spring-security-web-6.5.8.jar:6.5.8]
	at org.springframework.security.web.FilterChainProxy$VirtualFilterChain.doFilter(FilterChainProxy.java:365) ~[spring-security-web-6.5.8.jar:6.5.8]
	at org.springframework.security.web.access.intercept.AuthorizationFilter.doFilter(AuthorizationFilter.java:101) ~[spring-security-web-6.5.8.jar:6.5.8]
	at org.springframework.security.web.FilterChainProxy$VirtualFilterChain.doFilter(FilterChainProxy.java:374) ~[spring-security-web-6.5.8.jar:6.5.8]
	at org.springframework.security.web.access.ExceptionTranslationFilter.doFilter(ExceptionTranslationFilter.java:125) ~[spring-security-web-6.5.8.jar:6.5.8]
	at org.springframework.security.web.access.ExceptionTranslationFilter.doFilter(ExceptionTranslationFilter.java:119) ~[spring-security-web-6.5.8.jar:6.5.8]
	at org.springframework.security.web.FilterChainProxy$VirtualFilterChain.doFilter(FilterChainProxy.java:374) ~[spring-security-web-6.5.8.jar:6.5.8]
	at org.springframework.security.web.authentication.AnonymousAuthenticationFilter.doFilter(AnonymousAuthenticationFilter.java:100) ~[spring-security-web-6.5.8.jar:6.5.8]
	at org.springframework.security.web.FilterChainProxy$VirtualFilterChain.doFilter(FilterChainProxy.java:374) ~[spring-security-web-6.5.8.jar:6.5.8]
	at org.springframework.security.web.servletapi.SecurityContextHolderAwareRequestFilter.doFilter(SecurityContextHolderAwareRequestFilter.java:179) ~[spring-security-web-6.5.8.jar:6.5.8]
	at org.springframework.security.web.FilterChainProxy$VirtualFilterChain.doFilter(FilterChainProxy.java:374) ~[spring-security-web-6.5.8.jar:6.5.8]
	at org.springframework.security.web.savedrequest.RequestCacheAwareFilter.doFilter(RequestCacheAwareFilter.java:63) ~[spring-security-web-6.5.8.jar:6.5.8]
	at org.springframework.security.web.FilterChainProxy$VirtualFilterChain.doFilter(FilterChainProxy.java:374) ~[spring-security-web-6.5.8.jar:6.5.8]
	at org.springframework.security.web.authentication.logout.LogoutFilter.doFilter(LogoutFilter.java:107) ~[spring-security-web-6.5.8.jar:6.5.8]
	at org.springframework.security.web.authentication.logout.LogoutFilter.doFilter(LogoutFilter.java:93) ~[spring-security-web-6.5.8.jar:6.5.8]
	at org.springframework.security.web.FilterChainProxy$VirtualFilterChain.doFilter(FilterChainProxy.java:374) ~[spring-security-web-6.5.8.jar:6.5.8]
	at org.springframework.web.filter.CorsFilter.doFilterInternal(CorsFilter.java:91) ~[spring-web-6.2.16.jar:6.2.16]
	at org.springframework.web.filter.OncePerRequestFilter.doFilter(OncePerRequestFilter.java:116) ~[spring-web-6.2.16.jar:6.2.16]
	at org.springframework.security.web.FilterChainProxy$VirtualFilterChain.doFilter(FilterChainProxy.java:374) ~[spring-security-web-6.5.8.jar:6.5.8]
	at org.springframework.security.web.header.HeaderWriterFilter.doHeadersAfter(HeaderWriterFilter.java:90) ~[spring-security-web-6.5.8.jar:6.5.8]
	at org.springframework.security.web.header.HeaderWriterFilter.doFilterInternal(HeaderWriterFilter.java:75) ~[spring-security-web-6.5.8.jar:6.5.8]
	at org.springframework.web.filter.OncePerRequestFilter.doFilter(OncePerRequestFilter.java:116) ~[spring-web-6.2.16.jar:6.2.16]
	at org.springframework.security.web.FilterChainProxy$VirtualFilterChain.doFilter(FilterChainProxy.java:374) ~[spring-security-web-6.5.8.jar:6.5.8]
	at org.springframework.security.web.context.SecurityContextHolderFilter.doFilter(SecurityContextHolderFilter.java:82) ~[spring-security-web-6.5.8.jar:6.5.8]
	at org.springframework.security.web.context.SecurityContextHolderFilter.doFilter(SecurityContextHolderFilter.java:69) ~[spring-security-web-6.5.8.jar:6.5.8]
	at org.springframework.security.web.FilterChainProxy$VirtualFilterChain.doFilter(FilterChainProxy.java:374) ~[spring-security-web-6.5.8.jar:6.5.8]
	at org.springframework.security.web.context.request.async.WebAsyncManagerIntegrationFilter.doFilterInternal(WebAsyncManagerIntegrationFilter.java:62) ~[spring-security-web-6.5.8.jar:6.5.8]
	at org.springframework.web.filter.OncePerRequestFilter.doFilter(OncePerRequestFilter.java:116) ~[spring-web-6.2.16.jar:6.2.16]
	at org.springframework.security.web.FilterChainProxy$VirtualFilterChain.doFilter(FilterChainProxy.java:374) ~[spring-security-web-6.5.8.jar:6.5.8]
	at org.springframework.security.web.session.DisableEncodeUrlFilter.doFilterInternal(DisableEncodeUrlFilter.java:42) ~[spring-security-web-6.5.8.jar:6.5.8]
	at org.springframework.web.filter.OncePerRequestFilter.doFilter(OncePerRequestFilter.java:116) ~[spring-web-6.2.16.jar:6.2.16]
	at org.springframework.security.web.FilterChainProxy$VirtualFilterChain.doFilter(FilterChainProxy.java:374) ~[spring-security-web-6.5.8.jar:6.5.8]
	at org.springframework.security.web.FilterChainProxy.doFilterInternal(FilterChainProxy.java:233) ~[spring-security-web-6.5.8.jar:6.5.8]
	at org.springframework.security.web.FilterChainProxy.doFilter(FilterChainProxy.java:191) ~[spring-security-web-6.5.8.jar:6.5.8]
	at org.springframework.web.filter.CompositeFilter$VirtualFilterChain.doFilter(CompositeFilter.java:113) ~[spring-web-6.2.16.jar:6.2.16]
	at org.springframework.web.filter.ServletRequestPathFilter.doFilter(ServletRequestPathFilter.java:52) ~[spring-web-6.2.16.jar:6.2.16]
	at org.springframework.web.filter.CompositeFilter$VirtualFilterChain.doFilter(CompositeFilter.java:113) ~[spring-web-6.2.16.jar:6.2.16]
	at org.springframework.web.filter.CompositeFilter.doFilter(CompositeFilter.java:74) ~[spring-web-6.2.16.jar:6.2.16]
	at org.springframework.security.config.annotation.web.configuration.WebSecurityConfiguration$CompositeFilterChainProxy.doFilter(WebSecurityConfiguration.java:319) ~[spring-security-config-6.5.8.jar:6.5.8]
	at org.springframework.web.filter.CompositeFilter$VirtualFilterChain.doFilter(CompositeFilter.java:113) ~[spring-web-6.2.16.jar:6.2.16]
	at org.springframework.web.servlet.handler.HandlerMappingIntrospector.lambda$createCacheFilter$4(HandlerMappingIntrospector.java:267) ~[spring-webmvc-6.2.16.jar:6.2.16]
	at org.springframework.web.filter.CompositeFilter$VirtualFilterChain.doFilter(CompositeFilter.java:113) ~[spring-web-6.2.16.jar:6.2.16]
	at org.springframework.web.filter.CompositeFilter.doFilter(CompositeFilter.java:74) ~[spring-web-6.2.16.jar:6.2.16]
	at org.springframework.security.config.annotation.web.configuration.WebMvcSecurityConfiguration$CompositeFilterChainProxy.doFilter(WebMvcSecurityConfiguration.java:240) ~[spring-security-config-6.5.8.jar:6.5.8]
	at org.springframework.web.filter.DelegatingFilterProxy.invokeDelegate(DelegatingFilterProxy.java:362) ~[spring-web-6.2.16.jar:6.2.16]
	at org.springframework.web.filter.DelegatingFilterProxy.doFilter(DelegatingFilterProxy.java:278) ~[spring-web-6.2.16.jar:6.2.16]
	at org.apache.catalina.core.ApplicationFilterChain.internalDoFilter(ApplicationFilterChain.java:162) ~[tomcat-embed-core-10.1.52.jar:10.1.52]
	at org.apache.catalina.core.ApplicationFilterChain.doFilter(ApplicationFilterChain.java:138) ~[tomcat-embed-core-10.1.52.jar:10.1.52]
	at org.springframework.web.filter.RequestContextFilter.doFilterInternal(RequestContextFilter.java:100) ~[spring-web-6.2.16.jar:6.2.16]
	at org.springframework.web.filter.OncePerRequestFilter.doFilter(OncePerRequestFilter.java:116) ~[spring-web-6.2.16.jar:6.2.16]
	at org.apache.catalina.core.ApplicationFilterChain.internalDoFilter(ApplicationFilterChain.java:162) ~[tomcat-embed-core-10.1.52.jar:10.1.52]
	at org.apache.catalina.core.ApplicationFilterChain.doFilter(ApplicationFilterChain.java:138) ~[tomcat-embed-core-10.1.52.jar:10.1.52]
	at org.springframework.web.filter.FormContentFilter.doFilterInternal(FormContentFilter.java:93) ~[spring-web-6.2.16.jar:6.2.16]
	at org.springframework.web.filter.OncePerRequestFilter.doFilter(OncePerRequestFilter.java:116) ~[spring-web-6.2.16.jar:6.2.16]
	at org.apache.catalina.core.ApplicationFilterChain.internalDoFilter(ApplicationFilterChain.java:162) ~[tomcat-embed-core-10.1.52.jar:10.1.52]
	at org.apache.catalina.core.ApplicationFilterChain.doFilter(ApplicationFilterChain.java:138) ~[tomcat-embed-core-10.1.52.jar:10.1.52]
	at org.springframework.web.filter.CharacterEncodingFilter.doFilterInternal(CharacterEncodingFilter.java:201) ~[spring-web-6.2.16.jar:6.2.16]
	at org.springframework.web.filter.OncePerRequestFilter.doFilter(OncePerRequestFilter.java:116) ~[spring-web-6.2.16.jar:6.2.16]
	at org.apache.catalina.core.ApplicationFilterChain.internalDoFilter(ApplicationFilterChain.java:162) ~[tomcat-embed-core-10.1.52.jar:10.1.52]
	at org.apache.catalina.core.ApplicationFilterChain.doFilter(ApplicationFilterChain.java:138) ~[tomcat-embed-core-10.1.52.jar:10.1.52]
	at org.apache.catalina.core.StandardWrapperValve.invoke(StandardWrapperValve.java:165) ~[tomcat-embed-core-10.1.52.jar:10.1.52]
	at org.apache.catalina.core.StandardContextValve.invoke(StandardContextValve.java:88) ~[tomcat-embed-core-10.1.52.jar:10.1.52]
	at org.apache.catalina.authenticator.AuthenticatorBase.invoke(AuthenticatorBase.java:492) ~[tomcat-embed-core-10.1.52.jar:10.1.52]
	at org.apache.catalina.core.StandardHostValve.invoke(StandardHostValve.java:113) ~[tomcat-embed-core-10.1.52.jar:10.1.52]
	at org.apache.catalina.valves.ErrorReportValve.invoke(ErrorReportValve.java:83) ~[tomcat-embed-core-10.1.52.jar:10.1.52]
	at org.apache.catalina.core.StandardEngineValve.invoke(StandardEngineValve.java:72) ~[tomcat-embed-core-10.1.52.jar:10.1.52]
	at org.apache.catalina.connector.CoyoteAdapter.service(CoyoteAdapter.java:342) ~[tomcat-embed-core-10.1.52.jar:10.1.52]
	at org.apache.coyote.http11.Http11Processor.service(Http11Processor.java:399) ~[tomcat-embed-core-10.1.52.jar:10.1.52]
	at org.apache.coyote.AbstractProcessorLight.process(AbstractProcessorLight.java:63) ~[tomcat-embed-core-10.1.52.jar:10.1.52]
	at org.apache.coyote.AbstractProtocol$ConnectionHandler.process(AbstractProtocol.java:903) ~[tomcat-embed-core-10.1.52.jar:10.1.52]
	at org.apache.tomcat.util.net.NioEndpoint$SocketProcessor.doRun(NioEndpoint.java:1775) ~[tomcat-embed-core-10.1.52.jar:10.1.52]
	at org.apache.tomcat.util.net.SocketProcessorBase.run(SocketProcessorBase.java:52) ~[tomcat-embed-core-10.1.52.jar:10.1.52]
	at org.apache.tomcat.util.threads.ThreadPoolExecutor.runWorker(ThreadPoolExecutor.java:973) ~[tomcat-embed-core-10.1.52.jar:10.1.52]
	at org.apache.tomcat.util.threads.ThreadPoolExecutor$Worker.run(ThreadPoolExecutor.java:491) ~[tomcat-embed-core-10.1.52.jar:10.1.52]
	at org.apache.tomcat.util.threads.TaskThread$WrappingRunnable.run(TaskThread.java:63) ~[tomcat-embed-core-10.1.52.jar:10.1.52]
	at java.base/java.lang.Thread.run(Thread.java:1575) ~[na:na]

2026-03-19T14:03:58.955+08:00 TRACE 31709 --- [nio-8081-exec-1] o.s.security.web.FilterChainProxy        : Trying to match request against DefaultSecurityFilterChain defined as 'filterChain' in [class path resource [edu/cit/paires/cleanride/config/SecurityConfig.class]] matching [any request] and having filters [DisableEncodeUrl, WebAsyncManagerIntegration, SecurityContextHolder, HeaderWriter, Cors, Logout, RequestCacheAware, SecurityContextHolderAwareRequest, AnonymousAuthentication, ExceptionTranslation, Authorization] (1/1)
2026-03-19T14:03:58.955+08:00 DEBUG 31709 --- [nio-8081-exec-1] o.s.security.web.FilterChainProxy        : Securing GET /error
2026-03-19T14:03:58.955+08:00 TRACE 31709 --- [nio-8081-exec-1] o.s.security.web.FilterChainProxy        : Invoking DisableEncodeUrlFilter (1/11)
2026-03-19T14:03:58.955+08:00 TRACE 31709 --- [nio-8081-exec-1] o.s.security.web.FilterChainProxy        : Invoking WebAsyncManagerIntegrationFilter (2/11)
2026-03-19T14:03:58.955+08:00 TRACE 31709 --- [nio-8081-exec-1] o.s.security.web.FilterChainProxy        : Invoking SecurityContextHolderFilter (3/11)
2026-03-19T14:03:58.955+08:00 TRACE 31709 --- [nio-8081-exec-1] o.s.security.web.FilterChainProxy        : Invoking HeaderWriterFilter (4/11)
2026-03-19T14:03:58.956+08:00 TRACE 31709 --- [nio-8081-exec-1] o.s.security.web.FilterChainProxy        : Invoking CorsFilter (5/11)
2026-03-19T14:03:58.956+08:00 TRACE 31709 --- [nio-8081-exec-1] o.s.security.web.FilterChainProxy        : Invoking LogoutFilter (6/11)
2026-03-19T14:03:58.956+08:00 TRACE 31709 --- [nio-8081-exec-1] o.s.s.w.a.logout.LogoutFilter            : Did not match request to Or [Ant [pattern='/logout', GET], Ant [pattern='/logout', POST], Ant [pattern='/logout', PUT], Ant [pattern='/logout', DELETE]]
2026-03-19T14:03:58.956+08:00 TRACE 31709 --- [nio-8081-exec-1] o.s.security.web.FilterChainProxy        : Invoking RequestCacheAwareFilter (7/11)
2026-03-19T14:03:58.956+08:00 TRACE 31709 --- [nio-8081-exec-1] o.s.s.w.s.HttpSessionRequestCache        : matchingRequestParameterName is required for getMatchingRequest to lookup a value, but not provided
2026-03-19T14:03:58.956+08:00 TRACE 31709 --- [nio-8081-exec-1] o.s.security.web.FilterChainProxy        : Invoking SecurityContextHolderAwareRequestFilter (8/11)
2026-03-19T14:03:58.956+08:00 TRACE 31709 --- [nio-8081-exec-1] o.s.security.web.FilterChainProxy        : Invoking AnonymousAuthenticationFilter (9/11)
2026-03-19T14:03:58.956+08:00 TRACE 31709 --- [nio-8081-exec-1] o.s.security.web.FilterChainProxy        : Invoking ExceptionTranslationFilter (10/11)
2026-03-19T14:03:58.956+08:00 TRACE 31709 --- [nio-8081-exec-1] o.s.security.web.FilterChainProxy        : Invoking AuthorizationFilter (11/11)
2026-03-19T14:03:58.956+08:00 TRACE 31709 --- [nio-8081-exec-1] estMatcherDelegatingAuthorizationManager : Authorizing GET /error
2026-03-19T14:03:58.957+08:00 TRACE 31709 --- [nio-8081-exec-1] estMatcherDelegatingAuthorizationManager : Checking authorization on GET /error using org.springframework.security.authorization.SingleResultAuthorizationManager@6ec09dc6
2026-03-19T14:03:58.957+08:00 DEBUG 31709 --- [nio-8081-exec-1] o.s.security.web.FilterChainProxy        : Secured GET /error
2026-03-19T14:03:59.002+08:00 TRACE 31709 --- [nio-8081-exec-1] w.c.HttpSessionSecurityContextRepository : No HttpSession currently exists
2026-03-19T14:03:59.003+08:00 TRACE 31709 --- [nio-8081-exec-1] .s.s.w.c.SupplierDeferredSecurityContext : Created SecurityContextImpl [Null authentication]
2026-03-19T14:03:59.003+08:00 TRACE 31709 --- [nio-8081-exec-1] .s.s.w.c.SupplierDeferredSecurityContext : Created SecurityContextImpl [Null authentication]
2026-03-19T14:03:59.003+08:00 TRACE 31709 --- [nio-8081-exec-1] o.s.s.w.a.AnonymousAuthenticationFilter  : Set SecurityContextHolder to AnonymousAuthenticationToken [Principal=anonymousUser, Credentials=[PROTECTED], Authenticated=true, Details=WebAuthenticationDetails [RemoteIpAddress=127.0.0.1, SessionId=null], Granted Authorities=[ROLE_ANONYMOUS]]
[INFO] ------------------------------------------------------------------------
[INFO] BUILD FAILURE
[INFO] ------------------------------------------------------------------------
[INFO] Total time:  56.704 s
[INFO] Finished at: 2026-03-19T14:04:35+08:00
[INFO] ------------------------------------------------------------------------
[ERROR] Failed to execute goal org.springframework.boot:spring-boot-maven-plugin:3.5.11:run (default-cli) on project cleanride: Process terminated with exit code: 137 -> [Help 1]
[ERROR] 
[ERROR] To see the full stack trace of the errors, re-run Maven with the -e switch.
[ERROR] Re-run Maven using the -X switch to enable full debug logging.
[ERROR] 
[ERROR] For more information about the errors and possible solutions, please read the following articles:
[ERROR] [Help 1] http://cwiki.apache.org/confluence/display/MAVEN/MojoExecutionException
